Removed Pin From Net: NetName=GND Pin=U2-2
Removed Pin From Net: NetName=GND Pin=U2-3
Removed Pin From Net: NetName=Vdd Pin=U2-4
Removed Pin From Net: NetName=Vdd Pin=U2-5
Removed Pin From Net: NetName=GND Pin=U2-8
Removed Pin From Net: NetName=NetR1_2 Pin=U3-1
Removed Pin From Net: NetName=NetR4_2 Pin=U3-2
Removed Pin From Net: NetName=NetP2_6 Pin=U3-4
Removed Pin From Net: NetName=GND Pin=U3-5
Removed Pin From Net: NetName=NetR5_2 Pin=U3-6
Removed Pin From Net: NetName=NetR6_2 Pin=U3-7
Removed Pin From Net: NetName=NetR8_2 Pin=U3-8
Removed Pin From Net: NetName=NetR9_2 Pin=U3-9
Removed Pin From Net: NetName=NetR10_1 Pin=U3-10
Removed Pin From Net: NetName=NetU2_7 Pin=U3-11
Removed Pin From Net: NetName=NetP2_SCK Pin=U3-12
Removed Pin From Net: NetName=NetP2_MOSI Pin=U3-13
Removed Pin From Net: NetName=Vdd Pin=U3-14
Removed Pin From Net: NetName=NetC5_1 Pin=U3-16
Removed Pin From Net: NetName=NetU2_7 Pin=U3-18
Change Component Designator: OldDesignator=L1 NewDesignator=LED1
Change Component Designator: OldDesignator=L2 NewDesignator=LED2
Change Component Designator: OldDesignator=L3 NewDesignator=LED3
Change Component Designator: OldDesignator=L4 NewDesignator=LED4
Change Component Designator: OldDesignator=L5 NewDesignator=LED5
Change Component Designator: OldDesignator=L6 NewDesignator=LED6
Added Room: Name=schema
